<?xml version="1.0" encoding="UTF-8"?>
<!-- Generated by org.testng.reporters.JUnitReportReporter -->
<testsuite hostname="DESKTOP-AEPGK9C" failures="0" tests="1" name="com.guru99_bank.testCases.LoginPageTC" time="27.963" errors="0" timestamp="2022-03-08T20:48:51 IST" skipped="0">
  <testcase classname="com.guru99_bank.testCases.LoginPageTC" name="TC01" time="27.963"/>
  <system-out/>
</testsuite> <!-- com.guru99_bank.testCases.LoginPageTC -->
